[2017-05-12 04:45:30] Kakuro.INFO: time 0.00036406517028809 [] []
[2017-05-12 04:45:30] Kakuro.INFO: VALIDATING [] []
[2017-05-12 04:45:30] Kakuro.INFO: CALCULATING STRIPS [] []
[2017-05-12 04:46:00] Kakuro.INFO: READING FILE files/medium1.kak [] []
[2017-05-12 04:46:00] Kakuro.INFO: time 0.0029468536376953 [] []
[2017-05-12 04:46:00] Kakuro.INFO: VALIDATING [] []
[2017-05-12 04:46:00] Kakuro.INFO: CALCULATING STRIPS [] []
[2017-05-12 04:46:00] Kakuro.INFO: time 0.14235687255859 [] []
[2017-05-12 04:46:00] Kakuro.INFO: 
.         689       689       9         .         .         .         68        6         689       .         13        13        
.         3456789   3456789   79        356789    .         .         123       123       123       .         89        89        
3456789   123456789 123456789 .         35        1235      12        1235      .         123456789 89        123456789 123456789 
345678    12345678  12345678  .         356789    23456789  24        .         .         456789    89        456789    456789    
3         13        .         123456789 356789    123456789 124       .         .         .         .         12        12        
3456789   123456789 3456789   123456789 356789    123456789 .         .         .         123456789 123       123456789 .         
.         .         689       689       689       .         .         .         124       124       12        .         .         
.         123       3         123       .         .         .         123456789 123456789 123456789 123       23456789  12345678  
12        12        .         .         .         .         45678     12345678  12345678  12345678  .         79        7         
1235      1235      13        1235      .         .         689       689       689       .         123456789 23456789  12345678  
1234567   1234567   13        1235      .         124       456       123456    123456    .         3456789   3456789   345678    
13        13        .         1235      123456    124       .         .         5789      89        5789      5789      .         
7         79        .         123       123       12        .         .         .         8         12345678  2345678   .         
 [] []
[2017-05-12 04:46:00] Kakuro.INFO: DOING INITIAL REDUCTION [] []
[2017-05-12 04:46:00] Kakuro.INFO: using advanced reduction [] []
[2017-05-12 04:46:00] Kakuro.INFO: time 0.14383387565613 [] []
[2017-05-12 04:46:01] Kakuro.INFO: time 0.75730395317078 [] []
[2017-05-12 04:46:01] Kakuro.INFO: 
.         68        68        9         .         .         .         8         6         9         .         3         1         
.         5689      3568      7         35689     .         .         2         1         3         .         9         8         
789       45678     12345678  .         35        35        2         1         .         1         8         4         3         
78        23        123       .         789       678       4         .         .         4         9         8         7         
3         1         .         689       689       68        1         .         .         .         .         1         2         
789       456789    89        23456789  356789    12345678  .         .         .         9         1         2         .         
.         .         89        689       689       .         .         .         4         1         2         .         .         
.         2         3         1         .         .         .         9         8         7         3         6         1         
2         1         .         .         .         .         7         4         1         2         .         9         7         
3         5         1         2         .         .         9         8         6         .         7         8         2         
5         4         3         1         .         4         5         1         2         .         9         7         4         
1         3         .         5         6         1         .         .         7         9         8         5         .         
7         9         .         3         1         2         .         .         .         8         1         2         .         
 [] []
[2017-05-12 04:46:01] Kakuro.INFO: PASS #1 [] []
[2017-05-12 04:46:01] Kakuro.INFO: GRID initial [] []
[2017-05-12 04:46:01] Kakuro.INFO: DIFFICULTY 7.76 [] []
[2017-05-12 04:46:01] Kakuro.INFO: choice 6_2_8 [] []
[2017-05-12 04:46:01] Kakuro.INFO: using advanced reduction [] []
[2017-05-12 04:46:01] Kakuro.INFO: time 0.75966191291809 [] []
[2017-05-12 04:46:01] Kakuro.INFO: 
.         68        68        9         .         .         .         8         6         9         .         3         1         
.         5689      3568      7         35689     .         .         2         1         3         .         9         8         
9         456       123       .         35        35        2         1         .         1         8         4         3         
78        23        123       .         789       678       4         .         .         4         9         8         7         
3         1         .         689       689       68        1         .         .         .         .         1         2         
78        45678     9         2345678   35678     12345678  .         .         .         9         1         2         .         
.         .         8         69        69        .         .         .         4         1         2         .         .         
.         2         3         1         .         .         .         9         8         7         3         6         1         
2         1         .         .         .         .         7         4         1         2         .         9         7         
3         5         1         2         .         .         9         8         6         .         7         8         2         
5         4         3         1         .         4         5         1         2         .         9         7         4         
1         3         .         5         6         1         .         .         7         9         8         5         .         
7         9         .         3         1         2         .         .         .         8         1         2         .         
 [] []
[2017-05-12 04:46:01] Kakuro.INFO: time 0.7814679145813 [] []
[2017-05-12 04:46:01] Kakuro.INFO: choice 6_2_9 [] []
[2017-05-12 04:46:01] Kakuro.INFO: using advanced reduction [] []
[2017-05-12 04:46:01] Kakuro.INFO: time 0.78191184997559 [] []
[2017-05-12 04:46:01] Kakuro.INFO: 
.         68        68        9         .         .         .         8         6         9         .         3         1         
.         5689      3568      7         35689     .         .         2         1         3         .         9         8         
789       45678     12345678  .         35        35        2         1         .         1         8         4         3         
78        23        123       .         789       678       4         .         .         4         9         8         7         
3         1         .         689       689       68        1         .         .         .         .         1         2         
79        45679     8         245679    35679     1234567   .         .         .         9         1         2         .         
.         .         9         68        68        .         .         .         4         1         2         .         .         
.         2         3         1         .         .         .         9         8         7         3         6         1         
2         1         .         .         .         .         7         4         1         2         .         9         7         
3         5         1         2         .         .         9         8         6         .         7         8         2         
5         4         3         1         .         4         5         1         2         .         9         7         4         
1         3         .         5         6         1         .         .         7         9         8         5         .         
7         9         .         3         1         2         .         .         .         8         1         2         .         
 [] []
[2017-05-12 04:46:01] Kakuro.INFO: time 0.79700589179993 [] []
[2017-05-12 04:46:01] Kakuro.INFO: PASS #2 [] []
[2017-05-12 04:46:01] Kakuro.INFO: GRID 6_2_8 [] []
[2017-05-12 04:46:01] Kakuro.INFO: DIFFICULTY 5.93 [] []
[2017-05-12 04:46:01] Kakuro.INFO: choice 0_2_6 [] []
[2017-05-12 04:46:01] Kakuro.INFO: using advanced reduction [] []
[2017-05-12 04:46:01] Kakuro.INFO: time 0.79844093322754 [] []
[2017-05-12 04:46:01] Kakuro.INFO: 
.         8         6         9         .         .         .         8         6         9         .         3         1         
.         69        358       7         3689      .         .         2         1         3         .         9         8         
9         56        12        .         35        35        2         1         .         1         8         4         3         
78        23        12        .         789       678       4         .         .         4         9         8         7         
3         1         .         689       689       68        1         .         .         .         .         1         2         
78        567       9         2345678   35678     12345678  .         .         .         9         1         2         .         
.         .         89        69        69        .         .         .         4         1         2         .         .         
.         2         3         1         .         .         .         9         8         7         3         6         1         
2         1         .         .         .         .         7         4         1         2         .         9         7         
3         5         1         2         .         .         9         8         6         .         7         8         2         
5         4         3         1         .         4         5         1         2         .         9         7         4         
1         3         .         5         6         1         .         .         7         9         8         5         .         
7         9         .         3         1         2         .         .         .         8         1         2         .         
 [] []
[2017-05-12 04:46:01] Kakuro.INFO: time 0.8115508556366 [] []
[2017-05-12 04:46:01] Kakuro.INFO: choice 0_2_8 [] []
[2017-05-12 04:46:01] Kakuro.INFO: using advanced reduction [] []
[2017-05-12 04:46:01] Kakuro.INFO: time 0.81199407577515 [] []
[2017-05-12 04:46:01] Kakuro.INFO: problem reducing strip 27 [] []
[2017-05-12 04:46:01] Kakuro.INFO: {"27":{"dir":"v","total":20,"len":4,"start":[4,3],"idx":27}} [] []
[2017-05-12 04:46:01] Kakuro.INFO: PASS #3 [] []
[2017-05-12 04:46:01] Kakuro.INFO: GRID 0_2_6__6_2_8 [] []
[2017-05-12 04:46:01] Kakuro.INFO: DIFFICULTY 4.85 [] []
[2017-05-12 04:46:01] Kakuro.INFO: choice 2_2_1 [] []
[2017-05-12 04:46:01] Kakuro.INFO: using advanced reduction [] []
[2017-05-12 04:46:01] Kakuro.INFO: time 0.8325400352478 [] []
[2017-05-12 04:46:01] Kakuro.INFO: problem reducing strip 22 [] []
[2017-05-12 04:46:01] Kakuro.INFO: {"27":{"dir":"v","total":20,"len":4,"start":[4,3],"idx":27},"22":{"dir":"h","total":11,"len":3,"start":[3,0],"idx":22}} [] []
[2017-05-12 04:46:01] Kakuro.INFO: choice 2_2_2 [] []
[2017-05-12 04:46:01] Kakuro.INFO: using advanced reduction [] []
[2017-05-12 04:46:01] Kakuro.INFO: time 0.835618019104 [] []
[2017-05-12 04:46:01] Kakuro.INFO: checking solution [] []
[2017-05-12 04:46:01] Kakuro.INFO: add solution .869...869.31.9873..213.98952.5321.1843731.874..498731.8961....12869271...912...896...412...231...98736121....7412.973512..986.7825431.4512.97413.561..7985.79.312...812. [] []
[2017-05-12 04:46:01] Kakuro.INFO: path 0_2_6__2_2_2__6_2_8 [] []
[2017-05-12 04:46:01] Kakuro.INFO: 
.         8         6         9         .         .         .         8         6         9         .         3         1         
.         9         8         7         3         .         .         2         1         3         .         9         8         
9         5         2         .         5         3         2         1         .         1         8         4         3         
7         3         1         .         8         7         4         .         .         4         9         8         7         
3         1         .         8         9         6         1         .         .         .         .         1         2         
8         6         9         2         7         1         .         .         .         9         1         2         .         
.         .         8         9         6         .         .         .         4         1         2         .         .         
.         2         3         1         .         .         .         9         8         7         3         6         1         
2         1         .         .         .         .         7         4         1         2         .         9         7         
3         5         1         2         .         .         9         8         6         .         7         8         2         
5         4         3         1         .         4         5         1         2         .         9         7         4         
1         3         .         5         6         1         .         .         7         9         8         5         .         
7         9         .         3         1         2         .         .         .         8         1         2         .         
 [] []
[2017-05-12 04:46:01] Kakuro.INFO: time 0.86709594726562 [] []
[2017-05-12 04:46:01] Kakuro.INFO: PASS #4 [] []
[2017-05-12 04:46:01] Kakuro.INFO: GRID 0_2_6__2_2_2__6_2_8 [] []
[2017-05-12 04:46:01] Kakuro.INFO: DIFFICULTY 0 [] []
[2017-05-12 04:46:01] Kakuro.INFO: 1 solution(s) found in 0.86829090118408s


.  8  6  9  .  .  .  8  6  9  .  3  1  
.  9  8  7  3  .  .  2  1  3  .  9  8  
9  5  2  .  5  3  2  1  .  1  8  4  3  
7  3  1  .  8  7  4  .  .  4  9  8  7  
3  1  .  8  9  6  1  .  .  .  .  1  2  
8  6  9  2  7  1  .  .  .  9  1  2  .  
.  .  8  9  6  .  .  .  4  1  2  .  .  
.  2  3  1  .  .  .  9  8  7  3  6  1  
2  1  .  .  .  .  7  4  1  2  .  9  7  
3  5  1  2  .  .  9  8  6  .  7  8  2  
5  4  3  1  .  4  5  1  2  .  9  7  4  
1  3  .  5  6  1  .  .  7  9  8  5  .  
7  9  .  3  1  2  .  .  .  8  1  2  .  

 [] []
